{
  "stats": {
    "suites": 1,
    "tests": 1,
    "passes": 1,
    "pending": 0,
    "failures": 0,
    "start": "2025-03-20T14:08:39.652Z",
    "end": "2025-03-20T14:08:55.495Z",
    "duration": 15843,
    "testsRegistered": 1,
    "passPercent": 100,
    "pendingPercent": 0,
    "other": 0,
    "hasOther": false,
    "skipped": 0,
    "hasSkipped": false
  },
  "results": [
    {
      "uuid": "2f0f31cf-d070-47f9-9124-2bc3d2e27f77",
      "title": "",
      "fullFile": "cypress\\integration\\examples\\HandlingChildTabs.js",
      "file": "cypress\\integration\\examples\\HandlingChildTabs.js",
      "beforeHooks": [],
      "afterHooks": [],
      "tests": [],
      "suites": [
        {
          "uuid": "f4bef502-979a-4c55-b054-dea0694a72f8",
          "title": "Handling Child Tabs",
          "fullFile": "",
          "file": "",
          "beforeHooks": [],
          "afterHooks": [],
          "tests": [
            {
              "title": "My Child Window Test case",
              "fullTitle": "Handling Child Tabs My Child Window Test case",
              "timedOut": null,
              "duration": 14273,
              "state": "passed",
              "speed": "slow",
              "pass": true,
              "fail": false,
              "pending": false,
              "context": null,
              "code": "cy.visit('https://rahulshettyacademy.com/AutomationPractice/');\n// Open a new tab in the same tab\ncy.get('#opentab').invoke('removeAttr', 'target').click();\ncy.origin(\"https://www.qaclickacademy.com\", () => {\n  cy.get(\"#navbarSupportedContent a[href*='about']\").click();\n  cy.get(\".mt-50 h2\").should('contain', 'QAClick Academy');\n});",
              "err": {},
              "uuid": "defc4a3b-3140-4b16-9276-e0aa0690d9ad",
              "parentUUID": "f4bef502-979a-4c55-b054-dea0694a72f8",
              "isHook": false,
              "skipped": false
            }
          ],
          "suites": [],
          "passes": [
            "defc4a3b-3140-4b16-9276-e0aa0690d9ad"
          ],
          "failures": [],
          "pending": [],
          "skipped": [],
          "duration": 14273,
          "root": false,
          "rootEmpty": false,
          "_timeout": 2000
        }
      ],
      "passes": [],
      "failures": [],
      "pending": [],
      "skipped": [],
      "duration": 0,
      "root": true,
      "rootEmpty": true,
      "_timeout": 2000
    }
  ],
  "meta": {
    "mocha": {
      "version": "7.0.1"
    },
    "mochawesome": {
      "options": {
        "quiet": false,
        "reportFilename": "mochawesome",
        "saveHtml": false,
        "saveJson": true,
        "consoleReporter": "spec",
        "useInlineDiffs": false,
        "code": true
      },
      "version": "7.1.3"
    },
    "marge": {
      "options": {
        "reportDir": "cypress\\reports\\.jsons",
        "overwrite": false,
        "html": false,
        "json": true
      },
      "version": "6.2.0"
    }
  }
}