{
  "stats": {
    "suites": 1,
    "tests": 1,
    "passes": 1,
    "pending": 0,
    "failures": 0,
    "start": "2025-03-20T14:09:19.285Z",
    "end": "2025-03-20T14:09:24.030Z",
    "duration": 4745,
    "testsRegistered": 1,
    "passPercent": 100,
    "pendingPercent": 0,
    "other": 0,
    "hasOther": false,
    "skipped": 0,
    "hasSkipped": false
  },
  "results": [
    {
      "uuid": "46d4019a-8fc9-4258-aefb-0baf617ef1c4",
      "title": "",
      "fullFile": "cypress\\integration\\examples\\HandlingMouseHoverPopups.js",
      "file": "cypress\\integration\\examples\\HandlingMouseHoverPopups.js",
      "beforeHooks": [],
      "afterHooks": [],
      "tests": [],
      "suites": [
        {
          "uuid": "b809b9c4-e5d8-4f9f-a8ed-ebd27cbf3eaa",
          "title": "Handling Mouse Hover Popups",
          "fullFile": "",
          "file": "",
          "beforeHooks": [],
          "afterHooks": [],
          "tests": [
            {
              "title": "My Mouse Hover Popups Test case",
              "fullTitle": "Handling Mouse Hover Popups My Mouse Hover Popups Test case",
              "timedOut": null,
              "duration": 2839,
              "state": "passed",
              "speed": "fast",
              "pass": true,
              "fail": false,
              "pending": false,
              "context": null,
              "code": "cy.visit('https://rahulshettyacademy.com/AutomationPractice/');\n// Mouse Hover Popups\n//cy.get('.mouse-hover-content').invoke('show'); Same as below\ncy.contains('Top').click({\n  force: true\n}); // force: true is used to click on hidden elements\ncy.url().should('include', 'top');",
              "err": {},
              "uuid": "3cdb4a62-e59e-45fc-a991-e5d4078dd2dd",
              "parentUUID": "b809b9c4-e5d8-4f9f-a8ed-ebd27cbf3eaa",
              "isHook": false,
              "skipped": false
            }
          ],
          "suites": [],
          "passes": [
            "3cdb4a62-e59e-45fc-a991-e5d4078dd2dd"
          ],
          "failures": [],
          "pending": [],
          "skipped": [],
          "duration": 2839,
          "root": false,
          "rootEmpty": false,
          "_timeout": 2000
        }
      ],
      "passes": [],
      "failures": [],
      "pending": [],
      "skipped": [],
      "duration": 0,
      "root": true,
      "rootEmpty": true,
      "_timeout": 2000
    }
  ],
  "meta": {
    "mocha": {
      "version": "7.0.1"
    },
    "mochawesome": {
      "options": {
        "quiet": false,
        "reportFilename": "mochawesome",
        "saveHtml": false,
        "saveJson": true,
        "consoleReporter": "spec",
        "useInlineDiffs": false,
        "code": true
      },
      "version": "7.1.3"
    },
    "marge": {
      "options": {
        "reportDir": "cypress\\reports\\.jsons",
        "overwrite": false,
        "html": false,
        "json": true
      },
      "version": "6.2.0"
    }
  }
}