{
  "stats": {
    "suites": 1,
    "tests": 1,
    "passes": 1,
    "pending": 0,
    "failures": 0,
    "start": "2025-03-20T14:08:57.427Z",
    "end": "2025-03-20T14:09:09.642Z",
    "duration": 12215,
    "testsRegistered": 1,
    "passPercent": 100,
    "pendingPercent": 0,
    "other": 0,
    "hasOther": false,
    "skipped": 0,
    "hasSkipped": false
  },
  "results": [
    {
      "uuid": "1d3e6bd1-c5da-4095-8905-1aefe4c38a8f",
      "title": "",
      "fullFile": "cypress\\integration\\examples\\HandlingChildWindows.js",
      "file": "cypress\\integration\\examples\\HandlingChildWindows.js",
      "beforeHooks": [],
      "afterHooks": [],
      "tests": [],
      "suites": [
        {
          "uuid": "3605381c-b289-4801-8ae7-b41641389f6e",
          "title": "Handling Child Windows",
          "fullFile": "",
          "file": "",
          "beforeHooks": [],
          "afterHooks": [],
          "tests": [
            {
              "title": "My Child Window Test case",
              "fullTitle": "Handling Child Windows My Child Window Test case",
              "timedOut": null,
              "duration": 10126,
              "state": "passed",
              "speed": "slow",
              "pass": true,
              "fail": false,
              "pending": false,
              "context": null,
              "code": "cy.visit(\"https://rahulshettyacademy.com/AutomationPractice/\");\n// Open a new tab in the same tab\ncy.get(\"#opentab\").invoke(\"removeAttr\", \"target\").click();\ncy.origin(\"https://www.qaclickacademy.com\", () => {\n  cy.get(\"#navbarSupportedContent a[href*='about']\").click();\n  cy.get(\".mt-50 h2\").should(\"contain\", \"QAClick Academy\");\n});",
              "err": {},
              "uuid": "480e4b54-a6b2-4890-a9fa-ec71643c88bd",
              "parentUUID": "3605381c-b289-4801-8ae7-b41641389f6e",
              "isHook": false,
              "skipped": false
            }
          ],
          "suites": [],
          "passes": [
            "480e4b54-a6b2-4890-a9fa-ec71643c88bd"
          ],
          "failures": [],
          "pending": [],
          "skipped": [],
          "duration": 10126,
          "root": false,
          "rootEmpty": false,
          "_timeout": 2000
        }
      ],
      "passes": [],
      "failures": [],
      "pending": [],
      "skipped": [],
      "duration": 0,
      "root": true,
      "rootEmpty": true,
      "_timeout": 2000
    }
  ],
  "meta": {
    "mocha": {
      "version": "7.0.1"
    },
    "mochawesome": {
      "options": {
        "quiet": false,
        "reportFilename": "mochawesome",
        "saveHtml": false,
        "saveJson": true,
        "consoleReporter": "spec",
        "useInlineDiffs": false,
        "code": true
      },
      "version": "7.1.3"
    },
    "marge": {
      "options": {
        "reportDir": "cypress\\reports\\.jsons",
        "overwrite": false,
        "html": false,
        "json": true
      },
      "version": "6.2.0"
    }
  }
}