{
  "stats": {
    "suites": 1,
    "tests": 1,
    "passes": 1,
    "pending": 0,
    "failures": 0,
    "start": "2025-03-20T14:09:31.760Z",
    "end": "2025-03-20T14:09:35.709Z",
    "duration": 3949,
    "testsRegistered": 1,
    "passPercent": 100,
    "pendingPercent": 0,
    "other": 0,
    "hasOther": false,
    "skipped": 0,
    "hasSkipped": false
  },
  "results": [
    {
      "uuid": "4dcac1fa-9191-4dec-b6d7-60abe01b04fe",
      "title": "",
      "fullFile": "cypress\\integration\\examples\\Test1.js",
      "file": "cypress\\integration\\examples\\Test1.js",
      "beforeHooks": [],
      "afterHooks": [],
      "tests": [],
      "suites": [
        {
          "uuid": "768ed924-8c52-4b22-933f-870d4ebdb1c9",
          "title": "My First Test Suite",
          "fullFile": "",
          "file": "",
          "beforeHooks": [],
          "afterHooks": [],
          "tests": [
            {
              "title": "My First TestCase",
              "fullTitle": "My First Test Suite My First TestCase",
              "timedOut": null,
              "duration": 2346,
              "state": "passed",
              "speed": "fast",
              "pass": true,
              "fail": false,
              "pending": false,
              "context": null,
              "code": "cy.visit('https://rahulshettyacademy.com/seleniumPractise/#/');\ncy.get('.search-keyword').type('ca');\ncy.get('.products').as('productLocator');\ncy.get('.product:visible').should('have.length', 4);\n// Parent child chaining\ncy.get('@productLocator').find('.product').should('have.length', 4);\ncy.get('@productLocator').find('.product').eq(2).contains('ADD TO CART').click();\n// Same as above, but recommended to use above one\n// cy.get(':nth-child(3) > .product-action > button').click();\ncy.get('@productLocator').find('.product').each(($el, index, $list) => {\n  const textVeg = $el.find('h4.product-name').text();\n  if (textVeg.includes('Cashews')) {\n    cy.wrap($el).find('button').click();\n  }\n});\ncy.get('.brand').should('have.text', 'GREENKART');\ncy.get('.brand').then(function (logoElement) {\n  cy.log(logoElement.text());\n});",
              "err": {},
              "uuid": "761f516d-cc91-4aba-9d01-249b894e06bf",
              "parentUUID": "768ed924-8c52-4b22-933f-870d4ebdb1c9",
              "isHook": false,
              "skipped": false
            }
          ],
          "suites": [],
          "passes": [
            "761f516d-cc91-4aba-9d01-249b894e06bf"
          ],
          "failures": [],
          "pending": [],
          "skipped": [],
          "duration": 2346,
          "root": false,
          "rootEmpty": false,
          "_timeout": 2000
        }
      ],
      "passes": [],
      "failures": [],
      "pending": [],
      "skipped": [],
      "duration": 0,
      "root": true,
      "rootEmpty": true,
      "_timeout": 2000
    }
  ],
  "meta": {
    "mocha": {
      "version": "7.0.1"
    },
    "mochawesome": {
      "options": {
        "quiet": false,
        "reportFilename": "mochawesome",
        "saveHtml": false,
        "saveJson": true,
        "consoleReporter": "spec",
        "useInlineDiffs": false,
        "code": true
      },
      "version": "7.1.3"
    },
    "marge": {
      "options": {
        "reportDir": "cypress\\reports\\.jsons",
        "overwrite": false,
        "html": false,
        "json": true
      },
      "version": "6.2.0"
    }
  }
}