{
  "stats": {
    "suites": 1,
    "tests": 1,
    "passes": 1,
    "pending": 0,
    "failures": 0,
    "start": "2025-03-20T14:08:32.728Z",
    "end": "2025-03-20T14:08:37.900Z",
    "duration": 5172,
    "testsRegistered": 1,
    "passPercent": 100,
    "pendingPercent": 0,
    "other": 0,
    "hasOther": false,
    "skipped": 0,
    "hasSkipped": false
  },
  "results": [
    {
      "uuid": "1b87e46a-8eaa-4e7b-9179-43e276212b2f",
      "title": "",
      "fullFile": "cypress\\integration\\examples\\HandlingCalendars.js",
      "file": "cypress\\integration\\examples\\HandlingCalendars.js",
      "beforeHooks": [],
      "afterHooks": [],
      "tests": [],
      "suites": [
        {
          "uuid": "8ee1cdc6-1a95-4c90-9592-0d680da88f5e",
          "title": "Handling Calendars",
          "fullFile": "",
          "file": "",
          "beforeHooks": [],
          "afterHooks": [],
          "tests": [
            {
              "title": "My Calendars Test case",
              "fullTitle": "Handling Calendars My Calendars Test case",
              "timedOut": null,
              "duration": 3538,
              "state": "passed",
              "speed": "fast",
              "pass": true,
              "fail": false,
              "pending": false,
              "context": null,
              "code": "cy.visit('https://rahulshettyacademy.com/seleniumPractise/#/offers');\nconst date = \"19\";\nconst month = \"8\";\nconst year = \"2025\";\nconst expectedDate = [month, date, year];\n// Select the date from the calendar\ncy.get('.react-date-picker__inputGroup').click();\ncy.get('.react-calendar__navigation__label').click();\ncy.get('.react-calendar__navigation__label').click();\ncy.contains('button', year).click();\n//cy.get('.react-calendar__year-view__months').contains(month).click();\ncy.get(\".react-calendar__year-view__months__month\").eq(Number(month) - 1).click();\n//cy.contains('button', month).click();\ncy.contains('button', date).click();\n//cy.contains(\"abbr\",date).click();\n//cy.get('.ui-datepicker-month').select('Aug');\n//cy.get('.ui-datepicker-year').select('2022');\n//cy.get('.ui-state-default').contains('10').click();\n// Assertion\ncy.get(\".react-date-picker__inputGroup__input\").each(($el, index) => {\n  cy.wrap($el).invoke('val').should('eq', expectedDate[index]);\n});",
              "err": {},
              "uuid": "c0f1cb38-d14b-413c-ade2-271faeb50138",
              "parentUUID": "8ee1cdc6-1a95-4c90-9592-0d680da88f5e",
              "isHook": false,
              "skipped": false
            }
          ],
          "suites": [],
          "passes": [
            "c0f1cb38-d14b-413c-ade2-271faeb50138"
          ],
          "failures": [],
          "pending": [],
          "skipped": [],
          "duration": 3538,
          "root": false,
          "rootEmpty": false,
          "_timeout": 2000
        }
      ],
      "passes": [],
      "failures": [],
      "pending": [],
      "skipped": [],
      "duration": 0,
      "root": true,
      "rootEmpty": true,
      "_timeout": 2000
    }
  ],
  "meta": {
    "mocha": {
      "version": "7.0.1"
    },
    "mochawesome": {
      "options": {
        "quiet": false,
        "reportFilename": "mochawesome",
        "saveHtml": false,
        "saveJson": true,
        "consoleReporter": "spec",
        "useInlineDiffs": false,
        "code": true
      },
      "version": "7.1.3"
    },
    "marge": {
      "options": {
        "reportDir": "cypress\\reports\\.jsons",
        "overwrite": false,
        "html": false,
        "json": true
      },
      "version": "6.2.0"
    }
  }
}